0 info it worked if it ends with ok
1 verbose cli [ '/usr/bin/nodejs', '/usr/bin/npm', 'install', '-g', 'guard' ]
2 info using npm@3.5.2
3 info using node@v4.2.6
4 silly loadCurrentTree Starting
5 silly install loadCurrentTree
6 silly install readGlobalPackageData
7 silly fetchPackageMetaData guard
8 silly fetchNamedPackageData guard
9 silly mapToRegistry name guard
10 silly mapToRegistry using default registry
11 silly mapToRegistry registry https://registry.npmjs.org/
12 silly mapToRegistry uri https://registry.npmjs.org/guard
13 verbose request uri https://registry.npmjs.org/guard
14 verbose request no auth needed
15 info attempt registry request try #1 at 12:14:55 AM
16 verbose request id 0477ad43cb865392
17 verbose etag W/"58aea246-1534"
18 verbose lastModified Thu, 23 Feb 2017 08:50:14 GMT
19 http request GET https://registry.npmjs.org/guard
20 http 304 https://registry.npmjs.org/guard
21 verbose headers { date: 'Sun, 17 Sep 2017 21:14:56 GMT',
21 verbose headers   via: '1.1 varnish',
21 verbose headers   'cache-control': 'max-age=300',
21 verbose headers   etag: 'W/"58aea246-1534"',
21 verbose headers   age: '43',
21 verbose headers   connection: 'keep-alive',
21 verbose headers   'x-served-by': 'cache-hhn1549-HHN',
21 verbose headers   'x-cache': 'HIT',
21 verbose headers   'x-cache-hits': '1',
21 verbose headers   'x-timer': 'S1505682896.291100,VS0,VE0',
21 verbose headers   vary: 'Accept-Encoding, Accept' }
22 silly get cb [ 304,
22 silly get   { date: 'Sun, 17 Sep 2017 21:14:56 GMT',
22 silly get     via: '1.1 varnish',
22 silly get     'cache-control': 'max-age=300',
22 silly get     etag: 'W/"58aea246-1534"',
22 silly get     age: '43',
22 silly get     connection: 'keep-alive',
22 silly get     'x-served-by': 'cache-hhn1549-HHN',
22 silly get     'x-cache': 'HIT',
22 silly get     'x-cache-hits': '1',
22 silly get     'x-timer': 'S1505682896.291100,VS0,VE0',
22 silly get     vary: 'Accept-Encoding, Accept' } ]
23 verbose etag https://registry.npmjs.org/guard from cache
24 verbose get saving guard to /home/doublev/.npm/registry.npmjs.org/guard/.cache.json
25 silly install normalizeTree
26 silly loadCurrentTree Finishing
27 silly loadIdealTree Starting
28 silly install loadIdealTree
29 silly cloneCurrentTree Starting
30 silly install cloneCurrentTreeToIdealTree
31 silly cloneCurrentTree Finishing
32 silly loadShrinkwrap Starting
33 silly install loadShrinkwrap
34 silly loadShrinkwrap Finishing
35 silly loadAllDepsIntoIdealTree Starting
36 silly install loadAllDepsIntoIdealTree
37 silly resolveWithNewModule guard@0.1.2 checking installable status
38 silly cache add args [ 'guard', null ]
39 verbose cache add spec guard
40 silly cache add parsed spec Result {
40 silly cache add   raw: 'guard',
40 silly cache add   scope: null,
40 silly cache add   name: 'guard',
40 silly cache add   rawSpec: '',
40 silly cache add   spec: 'latest',
40 silly cache add   type: 'tag' }
41 silly addNamed guard@latest
42 verbose addNamed "latest" is being treated as a dist-tag for guard
43 info addNameTag [ 'guard', 'latest' ]
44 silly mapToRegistry name guard
45 silly mapToRegistry using default registry
46 silly mapToRegistry registry https://registry.npmjs.org/
47 silly mapToRegistry uri https://registry.npmjs.org/guard
48 verbose addNameTag registry:https://registry.npmjs.org/guard not in flight; fetching
49 verbose get https://registry.npmjs.org/guard not expired, no request
50 silly addNameTag next cb for guard with tag latest
51 silly addNamed guard@0.1.2
52 verbose addNamed "0.1.2" is a plain semver version for guard
53 silly cache afterAdd guard@0.1.2
54 verbose afterAdd /home/doublev/.npm/guard/0.1.2/package/package.json not in flight; writing
55 verbose afterAdd /home/doublev/.npm/guard/0.1.2/package/package.json written
56 silly loadAllDepsIntoIdealTree Finishing
57 silly idealTree:prePrune lib
57 silly idealTree:prePrune └── guard@0.1.2
58 silly loadIdealTree Finishing
59 silly currentTree lib
60 silly idealTree lib
60 silly idealTree └── guard@0.1.2
61 silly generateActionsToTake Starting
62 silly install generateActionsToTake
63 warn checkPermissions Missing write access to /usr/local/lib
64 silly rollbackFailedOptional Starting
65 silly rollbackFailedOptional Finishing
66 silly runTopLevelLifecycles Starting
67 silly runTopLevelLifecycles Finishing
68 silly install printInstalled
69 verbose stack Error: EACCES: permission denied, access '/usr/local/lib'
69 verbose stack     at Error (native)
70 verbose cwd /home/doublev/dev/valdasvabolis/quill
71 error Linux 4.8.0-36-generic
72 error argv "/usr/bin/nodejs" "/usr/bin/npm" "install" "-g" "guard"
73 error node v4.2.6
74 error npm  v3.5.2
75 error path /usr/local/lib
76 error code EACCES
77 error errno -13
78 error syscall access
79 error Error: EACCES: permission denied, access '/usr/local/lib'
79 error     at Error (native)
79 error  { [Error: EACCES: permission denied, access '/usr/local/lib']
79 error   errno: -13,
79 error   code: 'EACCES',
79 error   syscall: 'access',
79 error   path: '/usr/local/lib' }
80 error Please try running this command again as root/Administrator.
81 verbose exit [ -13, true ]
